<?xml version="1.0" encoding="UTF-8"?>
<!-- Generated by org.testng.reporters.JUnitReportReporter -->
<testsuite hostname="MONO-HYD-LAP-12" name="readDataFromPropertiesFile.ReadDataFromPropertiesFile" tests="1" failures="0" timestamp="31 Oct 2019 18:01:49 GMT" time="0.008" errors="0">
  <testcase name="f" time="0.008" classname="readDataFromPropertiesFile.ReadDataFromPropertiesFile"/>
</testsuite> <!-- readDataFromPropertiesFile.ReadDataFromPropertiesFile -->
