<?xml version="1.0" encoding="UTF-8"?>
<!-- Generated by org.testng.reporters.JUnitReportReporter -->
<testsuite hostname="MONO-HYD-LAP-12" name="openPriavteBrowser.Open_Chrome_IcoginitioBrowser" tests="1" failures="0" timestamp="16 Nov 2019 18:38:19 GMT" time="7.789" errors="0">
  <testcase name="test" time="7.789" classname="openPriavteBrowser.Open_Chrome_IcoginitioBrowser"/>
</testsuite> <!-- openPriavteBrowser.Open_Chrome_IcoginitioBrowser -->
