<?xml version="1.0" encoding="UTF-8"?>
<!-- Generated by org.testng.reporters.JUnitReportReporter -->
<testsuite skipped="0" hostname="LAPTOP-D0CIFDTL" name="xmlSuiteExample.NewTest3" tests="1" failures="0" timestamp="2022-10-27T23:55:45 IST" time="0.001" errors="0">
  <testcase name="f" time="0.001" classname="xmlSuiteExample.NewTest3"/>
  <system-out/>
</testsuite> <!-- xmlSuiteExample.NewTest3 -->
