<?xml version="1.0" encoding="UTF-8"?>
<!-- Generated by org.testng.reporters.JUnitReportReporter -->
<testsuite skipped="0" hostname="LAPTOP-D0CIFDTL" name="TestNg.TestNGAnnotationExample1" tests="3" failures="0" timestamp="2022-10-27T20:45:02 IST" time="0.010" errors="0">
  <testcase name="f2" time="0.008" classname="TestNg.TestNGAnnotationExample1"/>
  <system-out/>
  <testcase name="f3" time="0.001" classname="TestNg.TestNGAnnotationExample1"/>
  <system-out/>
  <testcase name="f1" time="0.001" classname="TestNg.TestNGAnnotationExample1"/>
  <system-out/>
</testsuite> <!-- TestNg.TestNGAnnotationExample1 -->
