<?xml version="1.0" encoding="UTF-8"?>
<!-- Generated by org.testng.reporters.JUnitReportReporter -->
<testsuite hostname="MONO-HYD-LAP-12" name="zipExample.Program_ZIP_Folder" tests="1" failures="0" timestamp="3 Dec 2019 17:35:58 GMT" time="0.048" errors="0">
  <testcase name="f" time="0.048" classname="zipExample.Program_ZIP_Folder"/>
</testsuite> <!-- zipExample.Program_ZIP_Folder -->
