<?xml version="1.0" encoding="UTF-8"?>
<!-- Generated by org.testng.reporters.JUnitReportReporter -->
<testsuite hostname="MONO-HYD-LAP-12" name="openPriavteBrowser.NewTest" tests="1" failures="0" timestamp="22 Oct 2019 09:43:54 GMT" time="0.217" errors="0">
  <testcase name="f" time="0.217" classname="openPriavteBrowser.NewTest"/>
</testsuite> <!-- openPriavteBrowser.NewTest -->
