<?xml version="1.0" encoding="UTF-8"?>
<!-- Generated by org.testng.reporters.JUnitReportReporter -->
<testsuite skipped="0" hostname="LAPTOP-D0CIFDTL" name="DateTimeRelatedFunctions.HowToGetDaysBasedOnTodayDate" tests="1" failures="0" timestamp="2022-10-27T16:32:03 IST" time="0.019" errors="0">
  <testcase name="f" time="0.019" classname="DateTimeRelatedFunctions.HowToGetDaysBasedOnTodayDate"/>
  <system-out/>
</testsuite> <!-- DateTimeRelatedFunctions.HowToGetDaysBasedOnTodayDate -->
