<?xml version="1.0" encoding="UTF-8"?>
<!-- Generated by org.testng.reporters.JUnitReportReporter -->
<testsuite skipped="4" hostname="LAPTOP-D0CIFDTL" name="openNewTab.OpenNewTab" tests="5" failures="0" timestamp="2022-10-27T19:03:07 IST" time="0.063" errors="0">
  <testcase name="f1" time="0.063" classname="openNewTab.OpenNewTab"/>
  <system-out/>
  <testcase name="f4" classname="openNewTab.OpenNewTab">
    <skipped/>
  </testcase> <!-- f4 -->
  <system-out/>
  <testcase name="f5" classname="openNewTab.OpenNewTab">
    <skipped/>
  </testcase> <!-- f5 -->
  <system-out/>
  <testcase name="f2" classname="openNewTab.OpenNewTab">
    <skipped/>
  </testcase> <!-- f2 -->
  <system-out/>
  <testcase name="f3" classname="openNewTab.OpenNewTab">
    <skipped/>
  </testcase> <!-- f3 -->
  <system-out/>
</testsuite> <!-- openNewTab.OpenNewTab -->
