<?xml version="1.0" encoding="UTF-8"?>
<!-- Generated by org.testng.reporters.JUnitReportReporter -->
<testsuite skipped="1" hostname="LAPTOP-D0CIFDTL" name="screenshotExample.HowToTakeScreenshotOfAParticularElement" tests="2" failures="0" timestamp="2022-10-27T20:31:37 IST" time="5.110" errors="0">
  <testcase name="takesScreenShotForSpecificWebElement2" time="5.110" classname="screenshotExample.HowToTakeScreenshotOfAParticularElement"/>
  <system-out/>
  <testcase name="takesScreenShotForSpecificWebElement" classname="screenshotExample.HowToTakeScreenshotOfAParticularElement">
    <skipped/>
  </testcase> <!-- takesScreenShotForSpecificWebElement -->
  <system-out/>
</testsuite> <!-- screenshotExample.HowToTakeScreenshotOfAParticularElement -->
