<?xml version="1.0" encoding="UTF-8"?>
<!-- Generated by org.testng.reporters.JUnitReportReporter -->
<testsuite skipped="0" hostname="ICICI-JENKINS" name="DateTimeRelatedFunctions.CompareASpecificDateWithAlldateinAWeek" tests="1" failures="0" timestamp="09 Jul 2018 11:49:07 GMT" time="0.032" errors="0">
  <testcase name="f3" time="0.032" classname="DateTimeRelatedFunctions.CompareASpecificDateWithAlldateinAWeek"/>
</testsuite> <!-- DateTimeRelatedFunctions.CompareASpecificDateWithAlldateinAWeek -->
