<?xml version="1.0" encoding="UTF-8"?>
<!-- Generated by org.testng.reporters.JUnitReportReporter -->
<testsuite skipped="0" hostname="ICICI-JENKINS" name="imageProcessing.TestClass1" tests="1" failures="0" timestamp="25 Jan 2019 06:16:00 GMT" time="0.160" errors="0">
  <testcase name="f" time="0.160" classname="imageProcessing.TestClass1"/>
</testsuite> <!-- imageProcessing.TestClass1 -->
